# JRE version: Java(TM) SE Runtime Environment (10.0.2+13) (build 10.0.2+13)
# Java VM: Java HotSpot(TM) 64-Bit Server VM (10.0.2+13, mixed mode, tiered, compressed oops, g1 gc, windows-amd64)
Heap:
 garbage-first heap   total 403456K, used 125267K [0x00000000c0000000, 0x0000000100000000)
  region size 1024K, 1 young (1024K), 0 survivors (0K)
 Metaspace       used 68409K, capacity 71177K, committed 71856K, reserved 1114112K
  class space    used 6239K, capacity 7213K, committed 7344K, reserved 1048576K
GC Heap History (10 events):
Event: 1580.475 GC heap before
{Heap before GC invocations=165 (full 63):
 garbage-first heap   total 403456K, used 125451K [0x00000000c0000000, 0x0000000100000000)
  region size 1024K, 1 young (1024K), 0 survivors (0K)
 Metaspace       used 68390K, capacity 71177K, committed 71856K, reserved 1114112K
  class space    used 6239K, capacity 7213K, committed 7344K, reserved 1048576K
}
Event: 1580.656 GC heap after
{Heap after GC invocations=166 (full 64):
 garbage-first heap   total 403456K, used 125376K [0x00000000c0000000, 0x0000000100000000)
  region size 1024K, 0 young (0K), 0 survivors (0K)
 Metaspace       used 68390K, capacity 71177K, committed 71856K, reserved 1114112K
  class space    used 6239K, capacity 7213K, committed 7344K, reserved 1048576K
}
Event: 1621.035 GC heap before
{Heap before GC invocations=166 (full 64):
 garbage-first heap   total 403456K, used 129472K [0x00000000c0000000, 0x0000000100000000)
  region size 1024K, 5 young (5120K), 0 survivors (0K)
 Metaspace       used 68395K, capacity 71177K, committed 71856K, reserved 1114112K
  class space    used 6239K, capacity 7213K, committed 7344K, reserved 1048576K
}
Event: 1621.223 GC heap after
{Heap after GC invocations=167 (full 65):
 garbage-first heap   total 403456K, used 125288K [0x00000000c0000000, 0x0000000100000000)
  region size 1024K, 0 young (0K), 0 survivors (0K)
 Metaspace       used 68395K, capacity 71177K, committed 71856K, reserved 1114112K
  class space    used 6239K, capacity 7213K, committed 7344K, reserved 1048576K
}
Event: 1631.545 GC heap before
{Heap before GC invocations=167 (full 65):
 garbage-first heap   total 403456K, used 125288K [0x00000000c0000000, 0x0000000100000000)
  region size 1024K, 1 young (1024K), 0 survivors (0K)
 Metaspace       used 68395K, capacity 71177K, committed 71856K, reserved 1114112K
  class space    used 6239K, capacity 7213K, committed 7344K, reserved 1048576K
}
Event: 1631.737 GC heap after
{Heap after GC invocations=168 (full 66):
 garbage-first heap   total 403456K, used 125287K [0x00000000c0000000, 0x0000000100000000)
  region size 1024K, 0 young (0K), 0 survivors (0K)
 Metaspace       used 68395K, capacity 71177K, committed 71856K, reserved 1114112K
  class space    used 6239K, capacity 7213K, committed 7344K, reserved 1048576K
}
Event: 1642.019 GC heap before
{Heap before GC invocations=168 (full 66):
 garbage-first heap   total 403456K, used 125287K [0x00000000c0000000, 0x0000000100000000)
  region size 1024K, 1 young (1024K), 0 survivors (0K)
 Metaspace       used 68395K, capacity 71177K, committed 71856K, reserved 1114112K
  class space    used 6239K, capacity 7213K, committed 7344K, reserved 1048576K
}
Event: 1642.211 GC heap after
{Heap after GC invocations=169 (full 67):
 garbage-first heap   total 403456K, used 125287K [0x00000000c0000000, 0x0000000100000000)
  region size 1024K, 0 young (0K), 0 survivors (0K)
 Metaspace       used 68395K, capacity 71177K, committed 71856K, reserved 1114112K
  class space    used 6239K, capacity 7213K, committed 7344K, reserved 1048576K
}
Event: 1712.546 GC heap before
{Heap before GC invocations=169 (full 67):
 garbage-first heap   total 403456K, used 130407K [0x00000000c0000000, 0x0000000100000000)
  region size 1024K, 6 young (6144K), 0 survivors (0K)
 Metaspace       used 68409K, capacity 71177K, committed 71856K, reserved 1114112K
  class space    used 6239K, capacity 7213K, committed 7344K, reserved 1048576K
}
Event: 1712.735 GC heap after
{Heap after GC invocations=170 (full 68):
 garbage-first heap   total 403456K, used 125267K [0x00000000c0000000, 0x0000000100000000)
  region size 1024K, 0 young (0K), 0 survivors (0K)
 Metaspace       used 68409K, capacity 71177K, committed 71856K, reserved 1114112K
  class space    used 6239K, capacity 7213K, committed 7344K, reserved 1048576K
}

